<?xml version="1.0" encoding="UTF-8"?>
<testsuite name="com.personalfinance.app.CoreFeaturesTest" tests="7" skipped="0" failures="0" errors="0" timestamp="2025-12-26T14:46:26" hostname="aloo-pc" time="0.15">
  <properties/>
  <testcase name="All Repository Implementations exist" classname="com.personalfinance.app.CoreFeaturesTest" time="0.003"/>
  <testcase name="Cloud Sync - FirestoreSyncService exists and is configured" classname="com.personalfinance.app.CoreFeaturesTest" time="0.057"/>
  <testcase name="All ViewModels exist and are properly annotated" classname="com.personalfinance.app.CoreFeaturesTest" time="0.012"/>
  <testcase name="Transaction Filters - TransactionFilter model works correctly" classname="com.personalfinance.app.CoreFeaturesTest" time="0.012"/>
  <testcase name="Recurring Transactions - RecurringPattern model works correctly" classname="com.personalfinance.app.CoreFeaturesTest" time="0.005"/>
  <testcase name="Categories Management - Default categories are available" classname="com.personalfinance.app.CoreFeaturesTest" time="0.014"/>
  <testcase name="All UI Screens exist" classname="com.personalfinance.app.CoreFeaturesTest" time="0.015"/>
  <system-out><![CDATA[]]></system-out>
  <system-err><![CDATA[]]></system-err>
</testsuite>
