<?xml version="1.0" encoding="UTF-8"?>
<testsuite name="com.personalfinance.app.TransactionRepositorySimpleTest" tests="5" skipped="0" failures="0" errors="0" timestamp="2025-12-26T14:46:42" hostname="aloo-pc" time="0.026">
  <properties/>
  <testcase name="payment method enum values are correct" classname="com.personalfinance.app.TransactionRepositorySimpleTest" time="0.0"/>
  <testcase name="recurring pattern structure is correct" classname="com.personalfinance.app.TransactionRepositorySimpleTest" time="0.023"/>
  <testcase name="sync status enum values are correct" classname="com.personalfinance.app.TransactionRepositorySimpleTest" time="0.0"/>
  <testcase name="transaction filter empty check works correctly" classname="com.personalfinance.app.TransactionRepositorySimpleTest" time="0.0"/>
  <testcase name="transaction domain to entity mapping works correctly" classname="com.personalfinance.app.TransactionRepositorySimpleTest" time="0.001"/>
  <system-out><![CDATA[]]></system-out>
  <system-err><![CDATA[]]></system-err>
</testsuite>
