<?xml version="1.0" encoding="UTF-8"?>
<testsuite name="com.personalfinance.app.AnalyticsPropertyTest" tests="3" skipped="0" failures="0" errors="0" timestamp="2025-12-26T14:46:20" hostname="aloo-pc" time="6.055">
  <properties/>
  <testcase name="Property 3 - Analytics calculation accuracy for spending breakdown" classname="com.personalfinance.app.AnalyticsPropertyTest" time="6.015"/>
  <testcase name="Property 3 - Empty transaction list handling" classname="com.personalfinance.app.AnalyticsPropertyTest" time="0.011"/>
  <testcase name="Property 3 - Income vs expense chart accuracy" classname="com.personalfinance.app.AnalyticsPropertyTest" time="0.026"/>
  <system-out><![CDATA[]]></system-out>
  <system-err><![CDATA[]]></system-err>
</testsuite>
