<?xml version="1.0" encoding="UTF-8"?>
<testsuite name="com.personalfinance.app.UIUXFeaturesTest" tests="9" skipped="0" failures="0" errors="0" timestamp="2025-12-26T14:46:42" hostname="aloo-pc" time="0.56">
  <properties/>
  <testcase name="Project builds successfully with all UI UX features" classname="com.personalfinance.app.UIUXFeaturesTest" time="0.0"/>
  <testcase name="Theme system supports all required modes" classname="com.personalfinance.app.UIUXFeaturesTest" time="0.003"/>
  <testcase name="Settings screen supports all accessibility options" classname="com.personalfinance.app.UIUXFeaturesTest" time="0.014"/>
  <testcase name="Bottom navigation has all required screens" classname="com.personalfinance.app.UIUXFeaturesTest" time="0.249"/>
  <testcase name="Navigation system is properly integrated" classname="com.personalfinance.app.UIUXFeaturesTest" time="0.007"/>
  <testcase name="All UI UX Design features are implemented" classname="com.personalfinance.app.UIUXFeaturesTest" time="0.253"/>
  <testcase name="Typography supports accessibility" classname="com.personalfinance.app.UIUXFeaturesTest" time="0.002"/>
  <testcase name="Onboarding system is complete" classname="com.personalfinance.app.UIUXFeaturesTest" time="0.013"/>
  <testcase name="Animation utilities are available" classname="com.personalfinance.app.UIUXFeaturesTest" time="0.013"/>
  <system-out><![CDATA[]]></system-out>
  <system-err><![CDATA[]]></system-err>
</testsuite>
