<?xml version="1.0" encoding="UTF-8"?>
<testsuite name="com.personalfinance.app.ThemeManagerTest" tests="2" skipped="0" failures="0" errors="0" timestamp="2025-12-26T14:46:32" hostname="aloo-pc" time="10.264">
  <properties/>
  <testcase name="default theme mode should be SYSTEM" classname="com.personalfinance.app.ThemeManagerTest" time="9.665"/>
  <testcase name="setting theme mode should persist the value" classname="com.personalfinance.app.ThemeManagerTest" time="0.599"/>
  <system-out><![CDATA[WARNING: No manifest file found at ./AndroidManifest.xml.
Falling back to the Android OS resources only.
To remove this warning, annotate your test class with @Config(manifest=Config.NONE).
]]></system-out>
  <system-err><![CDATA[No such manifest file: ./AndroidManifest.xml
]]></system-err>
</testsuite>
