<?xml version="1.0" encoding="UTF-8"?>
<testsuite name="com.personalfinance.app.AnalyticsFinalTest" tests="3" skipped="0" failures="0" errors="0" timestamp="2025-12-26T14:46:20" hostname="aloo-pc" time="0.011">
  <properties/>
  <testcase name="All Analytics &amp; Reports features are fully implemented and functional" classname="com.personalfinance.app.AnalyticsFinalTest" time="0.006"/>
  <testcase name="Project builds successfully with all analytics features" classname="com.personalfinance.app.AnalyticsFinalTest" time="0.0"/>
  <testcase name="All enum values are correctly defined" classname="com.personalfinance.app.AnalyticsFinalTest" time="0.001"/>
  <system-out><![CDATA[]]></system-out>
  <system-err><![CDATA[]]></system-err>
</testsuite>
