<?xml version="1.0" encoding="UTF-8"?>
<testsuite name="com.personalfinance.app.BudgetRepositoryTest" tests="6" skipped="0" failures="0" errors="0" timestamp="2025-12-26T14:46:26" hostname="aloo-pc" time="0.081">
  <properties/>
  <testcase name="BudgetRepositoryImpl class exists and can be instantiated" classname="com.personalfinance.app.BudgetRepositoryTest" time="0.001"/>
  <testcase name="BudgetScreen composable exists" classname="com.personalfinance.app.BudgetRepositoryTest" time="0.013"/>
  <testcase name="BudgetPeriod enum has all required values" classname="com.personalfinance.app.BudgetRepositoryTest" time="0.04"/>
  <testcase name="BudgetViewModel class exists" classname="com.personalfinance.app.BudgetRepositoryTest" time="0.003"/>
  <testcase name="Budget domain model can be created with valid data" classname="com.personalfinance.app.BudgetRepositoryTest" time="0.004"/>
  <testcase name="Budget can be created with default values" classname="com.personalfinance.app.BudgetRepositoryTest" time="0.001"/>
  <system-out><![CDATA[]]></system-out>
  <system-err><![CDATA[]]></system-err>
</testsuite>
